[debug] [2026-04-06T22:45:57.679Z] ----------------------------------------------------------------------
[debug] [2026-04-06T22:45:57.688Z] Command:       C:\Program Files\nodejs\node.exe E:\Users\1184321\AppData\Roaming\npm\node_modules\firebase-tools\lib\bin\firebase.js deploy --only hosting:staging
[debug] [2026-04-06T22:45:57.688Z] CLI Version:   15.13.0
[debug] [2026-04-06T22:45:57.688Z] Platform:      win32
[debug] [2026-04-06T22:45:57.688Z] Node Version:  v22.17.1
[debug] [2026-04-06T22:45:57.688Z] Time:          Mon Apr 06 2026 16:45:57 GMT-0600 (hora estándar central)
[debug] [2026-04-06T22:45:57.688Z] ----------------------------------------------------------------------
[debug] 
[debug] [2026-04-06T22:46:02.330Z] > command requires scopes: ["email","openid","https://www.googleapis.com/auth/cloudplatformprojects.readonly","https://www.googleapis.com/auth/firebase","https://www.googleapis.com/auth/cloud-platform"]
[debug] [2026-04-06T22:46:02.330Z] > authorizing via signed-in user (alejandro.sanchezvi@tiendasnetows.com)
[debug] [2026-04-06T22:46:02.330Z] [iam] checking project gen-lang-client-0189172552 for permissions ["firebase.projects.get","firebasehosting.sites.update"]
[debug] [2026-04-06T22:46:02.331Z] Checked if tokens are valid: false, expires at: 1775497409083
[debug] [2026-04-06T22:46:02.331Z] Checked if tokens are valid: false, expires at: 1775497409083
[debug] [2026-04-06T22:46:02.332Z] > refreshing access token with scopes: []
[debug] [2026-04-06T22:46:02.333Z] >>> [apiv2][query] POST https://www.googleapis.com/oauth2/v3/token [none]
[debug] [2026-04-06T22:46:02.333Z] >>> [apiv2][body] POST https://www.googleapis.com/oauth2/v3/token [omitted]
[debug] [2026-04-06T22:46:02.637Z] <<< [apiv2][status] POST https://www.googleapis.com/oauth2/v3/token 200
[debug] [2026-04-06T22:46:02.637Z] <<< [apiv2][body] POST https://www.googleapis.com/oauth2/v3/token [omitted]
[debug] [2026-04-06T22:46:02.672Z] >>> [apiv2][query] POST https://cloudresourcemanager.googleapis.com/v1/projects/gen-lang-client-0189172552:testIamPermissions [none]
[debug] [2026-04-06T22:46:02.672Z] >>> [apiv2][(partial)header] POST https://cloudresourcemanager.googleapis.com/v1/projects/gen-lang-client-0189172552:testIamPermissions  x-goog-user-project=gen-lang-client-0189172552
[debug] [2026-04-06T22:46:02.672Z] >>> [apiv2][body] POST https://cloudresourcemanager.googleapis.com/v1/projects/gen-lang-client-0189172552:testIamPermissions {"permissions":["firebase.projects.get","firebasehosting.sites.update"]}
[debug] [2026-04-06T22:46:03.147Z] <<< [apiv2][status] POST https://cloudresourcemanager.googleapis.com/v1/projects/gen-lang-client-0189172552:testIamPermissions 403
[debug] [2026-04-06T22:46:03.147Z] <<< [apiv2][body] POST https://cloudresourcemanager.googleapis.com/v1/projects/gen-lang-client-0189172552:testIamPermissions {"error":{"code":403,"message":"Cloud Resource Manager API has not been used in project gen-lang-client-0189172552 before or it is disabled. Enable it by visiting https://console.developers.google.com/apis/api/cloudresourcemanager.googleapis.com/overview?project=gen-lang-client-0189172552 then retry. If you enabled this API recently, wait a few minutes for the action to propagate to our systems and retry.","status":"PERMISSION_DENIED","details":[{"@type":"type.googleapis.com/google.rpc.ErrorInfo","reason":"SERVICE_DISABLED","domain":"googleapis.com","metadata":{"containerInfo":"gen-lang-client-0189172552","activationUrl":"https://console.developers.google.com/apis/api/cloudresourcemanager.googleapis.com/overview?project=gen-lang-client-0189172552","service":"cloudresourcemanager.googleapis.com","consumer":"projects/gen-lang-client-0189172552","serviceTitle":"Cloud Resource Manager API"}},{"@type":"type.googleapis.com/google.rpc.LocalizedMessage","locale":"en-US","message":"Cloud Resource Manager API has not been used in project gen-lang-client-0189172552 before or it is disabled. Enable it by visiting https://console.developers.google.com/apis/api/cloudresourcemanager.googleapis.com/overview?project=gen-lang-client-0189172552 then retry. If you enabled this API recently, wait a few minutes for the action to propagate to our systems and retry."},{"@type":"type.googleapis.com/google.rpc.Help","links":[{"description":"Google developers console API activation","url":"https://console.developers.google.com/apis/api/cloudresourcemanager.googleapis.com/overview?project=gen-lang-client-0189172552"}]}]}}
[debug] [2026-04-06T22:46:03.147Z] [iam] error while checking permissions, command may fail: Request to https://cloudresourcemanager.googleapis.com/v1/projects/gen-lang-client-0189172552:testIamPermissions had HTTP Error: 403, Cloud Resource Manager API has not been used in project gen-lang-client-0189172552 before or it is disabled. Enable it by visiting https://console.developers.google.com/apis/api/cloudresourcemanager.googleapis.com/overview?project=gen-lang-client-0189172552 then retry. If you enabled this API recently, wait a few minutes for the action to propagate to our systems and retry.
[debug] [2026-04-06T22:46:03.148Z] Checked if tokens are valid: true, expires at: 1775519161637
[debug] [2026-04-06T22:46:03.148Z] Checked if tokens are valid: true, expires at: 1775519161637
[debug] [2026-04-06T22:46:03.148Z] >>> [apiv2][query] GET https://firebase.googleapis.com/v1beta1/projects/gen-lang-client-0189172552 [none]
[debug] [2026-04-06T22:46:03.601Z] <<< [apiv2][status] GET https://firebase.googleapis.com/v1beta1/projects/gen-lang-client-0189172552 404
[debug] [2026-04-06T22:46:03.601Z] <<< [apiv2][body] GET https://firebase.googleapis.com/v1beta1/projects/gen-lang-client-0189172552 {"error":{"code":404,"message":"Requested entity was not found.","status":"NOT_FOUND"}}
[debug] [2026-04-06T22:46:03.601Z] Couldn't get project info from firedata for gen-lang-client-0189172552, trying resource manager. Original error: FirebaseError: Request to https://firebase.googleapis.com/v1beta1/projects/gen-lang-client-0189172552 had HTTP Error: 404, Requested entity was not found.
[debug] [2026-04-06T22:46:03.602Z] Checked if tokens are valid: true, expires at: 1775519161637
[debug] [2026-04-06T22:46:03.602Z] Checked if tokens are valid: true, expires at: 1775519161637
[debug] [2026-04-06T22:46:03.602Z] >>> [apiv2][query] GET https://serviceusage.googleapis.com/v1/projects/gen-lang-client-0189172552/services/cloudresourcemanager.googleapis.com [none]
[debug] [2026-04-06T22:46:03.602Z] >>> [apiv2][(partial)header] GET https://serviceusage.googleapis.com/v1/projects/gen-lang-client-0189172552/services/cloudresourcemanager.googleapis.com  x-goog-user-project=gen-lang-client-0189172552
[debug] [2026-04-06T22:46:04.263Z] <<< [apiv2][status] GET https://serviceusage.googleapis.com/v1/projects/gen-lang-client-0189172552/services/cloudresourcemanager.googleapis.com 403
[debug] [2026-04-06T22:46:04.263Z] <<< [apiv2][body] GET https://serviceusage.googleapis.com/v1/projects/gen-lang-client-0189172552/services/cloudresourcemanager.googleapis.com [omitted]
[debug] [2026-04-06T22:46:04.263Z] Unable to check that https://cloudresourcemanager.googleapis.com is enabled on gen-lang-client-0189172552. Calls to it will fail if it is not enabled
[debug] [2026-04-06T22:46:04.264Z] Checked if tokens are valid: true, expires at: 1775519161637
[debug] [2026-04-06T22:46:04.264Z] Checked if tokens are valid: true, expires at: 1775519161637
[debug] [2026-04-06T22:46:04.264Z] >>> [apiv2][query] GET https://cloudresourcemanager.googleapis.com/v1/projects/gen-lang-client-0189172552 [none]
[debug] [2026-04-06T22:46:04.416Z] <<< [apiv2][status] GET https://cloudresourcemanager.googleapis.com/v1/projects/gen-lang-client-0189172552 200
[debug] [2026-04-06T22:46:04.416Z] <<< [apiv2][body] GET https://cloudresourcemanager.googleapis.com/v1/projects/gen-lang-client-0189172552 {"projectNumber":"312707215871","projectId":"gen-lang-client-0189172552","lifecycleState":"ACTIVE","name":"Centro Soluciones Neto","createTime":"2026-03-20T16:25:24.125699Z","parent":{"type":"organization","id":"975940461665"}}
[debug] [2026-04-06T22:46:04.416Z] the default site does not exist on the Firebase project; asking Hosting.
[debug] [2026-04-06T22:46:04.417Z] Checked if tokens are valid: true, expires at: 1775519161637
[debug] [2026-04-06T22:46:04.417Z] Checked if tokens are valid: true, expires at: 1775519161637
[debug] [2026-04-06T22:46:04.417Z] >>> [apiv2][query] GET https://firebasehosting.googleapis.com/v1beta1/projects/gen-lang-client-0189172552/sites pageToken=&pageSize=10
[debug] [2026-04-06T22:46:05.347Z] <<< [apiv2][status] GET https://firebasehosting.googleapis.com/v1beta1/projects/gen-lang-client-0189172552/sites 200
[debug] [2026-04-06T22:46:05.347Z] <<< [apiv2][body] GET https://firebasehosting.googleapis.com/v1beta1/projects/gen-lang-client-0189172552/sites {}
[info] i  No Hosting site detected. 
[debug] [2026-04-06T22:46:05.350Z] Checked if tokens are valid: true, expires at: 1775519161637
[debug] [2026-04-06T22:46:05.350Z] Checked if tokens are valid: true, expires at: 1775519161637
[debug] [2026-04-06T22:46:05.350Z] >>> [apiv2][query] GET https://serviceusage.googleapis.com/v1/projects/gen-lang-client-0189172552/services/cloudresourcemanager.googleapis.com [none]
[debug] [2026-04-06T22:46:05.351Z] >>> [apiv2][(partial)header] GET https://serviceusage.googleapis.com/v1/projects/gen-lang-client-0189172552/services/cloudresourcemanager.googleapis.com  x-goog-user-project=gen-lang-client-0189172552
[debug] [2026-04-06T22:46:05.692Z] <<< [apiv2][status] GET https://serviceusage.googleapis.com/v1/projects/gen-lang-client-0189172552/services/cloudresourcemanager.googleapis.com 403
[debug] [2026-04-06T22:46:05.693Z] <<< [apiv2][body] GET https://serviceusage.googleapis.com/v1/projects/gen-lang-client-0189172552/services/cloudresourcemanager.googleapis.com [omitted]
[debug] [2026-04-06T22:46:05.693Z] Unable to check that https://cloudresourcemanager.googleapis.com is enabled on gen-lang-client-0189172552. Calls to it will fail if it is not enabled
[debug] [2026-04-06T22:46:05.693Z] Checked if tokens are valid: true, expires at: 1775519161637
[debug] [2026-04-06T22:46:05.693Z] Checked if tokens are valid: true, expires at: 1775519161637
[debug] [2026-04-06T22:46:05.693Z] >>> [apiv2][query] GET https://cloudresourcemanager.googleapis.com/v1/projects/gen-lang-client-0189172552 [none]
[debug] [2026-04-06T22:46:05.819Z] <<< [apiv2][status] GET https://cloudresourcemanager.googleapis.com/v1/projects/gen-lang-client-0189172552 200
[debug] [2026-04-06T22:46:05.819Z] <<< [apiv2][body] GET https://cloudresourcemanager.googleapis.com/v1/projects/gen-lang-client-0189172552 {"projectNumber":"312707215871","projectId":"gen-lang-client-0189172552","lifecycleState":"ACTIVE","name":"Centro Soluciones Neto","createTime":"2026-03-20T16:25:24.125699Z","parent":{"type":"organization","id":"975940461665"}}
[debug] [2026-04-06T22:46:05.820Z] Checked if tokens are valid: true, expires at: 1775519161637
[debug] [2026-04-06T22:46:05.820Z] Checked if tokens are valid: true, expires at: 1775519161637
[debug] [2026-04-06T22:46:05.820Z] >>> [apiv2][query] POST https://firebasehosting.googleapis.com/v1beta1/projects/312707215871/sites siteId=gen-lang-client-0189172552&validateOnly=true
[debug] [2026-04-06T22:46:05.820Z] >>> [apiv2][body] POST https://firebasehosting.googleapis.com/v1beta1/projects/312707215871/sites {"appId":""}
[debug] [2026-04-06T22:46:06.729Z] <<< [apiv2][status] POST https://firebasehosting.googleapis.com/v1beta1/projects/312707215871/sites 200
[debug] [2026-04-06T22:46:06.729Z] <<< [apiv2][body] POST https://firebasehosting.googleapis.com/v1beta1/projects/312707215871/sites {"name":"projects/312707215871/sites/gen-lang-client-0189172552","defaultUrl":"https://gen-lang-client-0189172552.web.app","type":"DEFAULT_SITE"}
[debug] [2026-04-06T22:46:34.877Z] ExitPromptError: User force closed the prompt with SIGINT
    at Interface.sigint (E:\Users\1184321\AppData\Roaming\npm\node_modules\firebase-tools\node_modules\@inquirer\core\dist\commonjs\lib\create-prompt.js:101:37)
    at Interface.emit (node:events:518:28)
    at [_ttyWrite] [as _ttyWrite] (node:internal/readline/interface:1132:18)
    at ReadStream.onkeypress (node:internal/readline/interface:271:20)
    at ReadStream.emit (node:events:530:35)
    at emitKeys (node:internal/readline/utils:370:14)
    at emitKeys.next (<anonymous>)
    at ReadStream.onData (node:internal/readline/emitKeypressEvents:64:36)
    at ReadStream.emit (node:events:518:28)
    at addChunk (node:internal/streams/readable:561:12)
[error] 
[error] Error: An unexpected error has occurred.
