[debug] [2026-03-31T18:34:19.266Z] ----------------------------------------------------------------------
[debug] [2026-03-31T18:34:19.272Z] Command:       C:\Program Files\nodejs\node.exe E:\Users\1184321\AppData\Roaming\npm\node_modules\firebase-tools\lib\bin\firebase.js hosting:sites:create csn-staging --project gen-lang-client-0189172552
[debug] [2026-03-31T18:34:19.273Z] CLI Version:   15.12.0
[debug] [2026-03-31T18:34:19.273Z] Platform:      win32
[debug] [2026-03-31T18:34:19.273Z] Node Version:  v22.17.1
[debug] [2026-03-31T18:34:19.273Z] Time:          Tue Mar 31 2026 12:34:19 GMT-0600 (hora estándar central)
[debug] [2026-03-31T18:34:19.273Z] ----------------------------------------------------------------------
[debug] 
[debug] [2026-03-31T18:34:19.443Z] > command requires scopes: ["email","openid","https://www.googleapis.com/auth/cloudplatformprojects.readonly","https://www.googleapis.com/auth/firebase","https://www.googleapis.com/auth/cloud-platform"]
[debug] [2026-03-31T18:34:19.443Z] > authorizing via signed-in user (alejandro.sanchezvi@tiendasnetows.com)
[debug] [2026-03-31T18:34:19.443Z] [iam] checking project gen-lang-client-0189172552 for permissions ["firebase.projects.get","firebasehosting.sites.update"]
[debug] [2026-03-31T18:34:19.444Z] Checked if tokens are valid: true, expires at: 1774985590257
[debug] [2026-03-31T18:34:19.444Z] Checked if tokens are valid: true, expires at: 1774985590257
[debug] [2026-03-31T18:34:19.445Z] >>> [apiv2][query] POST https://cloudresourcemanager.googleapis.com/v1/projects/gen-lang-client-0189172552:testIamPermissions [none]
[debug] [2026-03-31T18:34:19.445Z] >>> [apiv2][(partial)header] POST https://cloudresourcemanager.googleapis.com/v1/projects/gen-lang-client-0189172552:testIamPermissions  x-goog-user-project=gen-lang-client-0189172552
[debug] [2026-03-31T18:34:19.445Z] >>> [apiv2][body] POST https://cloudresourcemanager.googleapis.com/v1/projects/gen-lang-client-0189172552:testIamPermissions {"permissions":["firebase.projects.get","firebasehosting.sites.update"]}
[debug] [2026-03-31T18:34:19.784Z] <<< [apiv2][status] POST https://cloudresourcemanager.googleapis.com/v1/projects/gen-lang-client-0189172552:testIamPermissions 403
[debug] [2026-03-31T18:34:19.784Z] <<< [apiv2][body] POST https://cloudresourcemanager.googleapis.com/v1/projects/gen-lang-client-0189172552:testIamPermissions {"error":{"code":403,"message":"Cloud Resource Manager API has not been used in project gen-lang-client-0189172552 before or it is disabled. Enable it by visiting https://console.developers.google.com/apis/api/cloudresourcemanager.googleapis.com/overview?project=gen-lang-client-0189172552 then retry. If you enabled this API recently, wait a few minutes for the action to propagate to our systems and retry.","status":"PERMISSION_DENIED","details":[{"@type":"type.googleapis.com/google.rpc.ErrorInfo","reason":"SERVICE_DISABLED","domain":"googleapis.com","metadata":{"activationUrl":"https://console.developers.google.com/apis/api/cloudresourcemanager.googleapis.com/overview?project=gen-lang-client-0189172552","service":"cloudresourcemanager.googleapis.com","serviceTitle":"Cloud Resource Manager API","containerInfo":"gen-lang-client-0189172552","consumer":"projects/gen-lang-client-0189172552"}},{"@type":"type.googleapis.com/google.rpc.LocalizedMessage","locale":"en-US","message":"Cloud Resource Manager API has not been used in project gen-lang-client-0189172552 before or it is disabled. Enable it by visiting https://console.developers.google.com/apis/api/cloudresourcemanager.googleapis.com/overview?project=gen-lang-client-0189172552 then retry. If you enabled this API recently, wait a few minutes for the action to propagate to our systems and retry."},{"@type":"type.googleapis.com/google.rpc.Help","links":[{"description":"Google developers console API activation","url":"https://console.developers.google.com/apis/api/cloudresourcemanager.googleapis.com/overview?project=gen-lang-client-0189172552"}]}]}}
[debug] [2026-03-31T18:34:19.784Z] [iam] error while checking permissions, command may fail: Request to https://cloudresourcemanager.googleapis.com/v1/projects/gen-lang-client-0189172552:testIamPermissions had HTTP Error: 403, Cloud Resource Manager API has not been used in project gen-lang-client-0189172552 before or it is disabled. Enable it by visiting https://console.developers.google.com/apis/api/cloudresourcemanager.googleapis.com/overview?project=gen-lang-client-0189172552 then retry. If you enabled this API recently, wait a few minutes for the action to propagate to our systems and retry.
[debug] [2026-03-31T18:34:19.785Z] Checked if tokens are valid: true, expires at: 1774985590257
[debug] [2026-03-31T18:34:19.785Z] Checked if tokens are valid: true, expires at: 1774985590257
[debug] [2026-03-31T18:34:19.785Z] >>> [apiv2][query] GET https://serviceusage.googleapis.com/v1/projects/gen-lang-client-0189172552/services/cloudresourcemanager.googleapis.com [none]
[debug] [2026-03-31T18:34:19.786Z] >>> [apiv2][(partial)header] GET https://serviceusage.googleapis.com/v1/projects/gen-lang-client-0189172552/services/cloudresourcemanager.googleapis.com  x-goog-user-project=gen-lang-client-0189172552
[debug] [2026-03-31T18:34:20.159Z] <<< [apiv2][status] GET https://serviceusage.googleapis.com/v1/projects/gen-lang-client-0189172552/services/cloudresourcemanager.googleapis.com 403
[debug] [2026-03-31T18:34:20.159Z] <<< [apiv2][body] GET https://serviceusage.googleapis.com/v1/projects/gen-lang-client-0189172552/services/cloudresourcemanager.googleapis.com [omitted]
[debug] [2026-03-31T18:34:20.159Z] Unable to check that https://cloudresourcemanager.googleapis.com is enabled on gen-lang-client-0189172552. Calls to it will fail if it is not enabled
[debug] [2026-03-31T18:34:20.159Z] Checked if tokens are valid: true, expires at: 1774985590257
[debug] [2026-03-31T18:34:20.159Z] Checked if tokens are valid: true, expires at: 1774985590257
[debug] [2026-03-31T18:34:20.159Z] >>> [apiv2][query] GET https://cloudresourcemanager.googleapis.com/v1/projects/gen-lang-client-0189172552 [none]
[debug] [2026-03-31T18:34:20.254Z] <<< [apiv2][status] GET https://cloudresourcemanager.googleapis.com/v1/projects/gen-lang-client-0189172552 200
[debug] [2026-03-31T18:34:20.254Z] <<< [apiv2][body] GET https://cloudresourcemanager.googleapis.com/v1/projects/gen-lang-client-0189172552 {"projectNumber":"312707215871","projectId":"gen-lang-client-0189172552","lifecycleState":"ACTIVE","name":"Centro Soluciones Neto","createTime":"2026-03-20T16:25:24.125699Z","parent":{"type":"organization","id":"975940461665"}}
[debug] [2026-03-31T18:34:20.255Z] Checked if tokens are valid: true, expires at: 1774985590257
[debug] [2026-03-31T18:34:20.255Z] Checked if tokens are valid: true, expires at: 1774985590257
[debug] [2026-03-31T18:34:20.255Z] >>> [apiv2][query] POST https://firebasehosting.googleapis.com/v1beta1/projects/312707215871/sites siteId=csn-staging&validateOnly=true
[debug] [2026-03-31T18:34:20.255Z] >>> [apiv2][body] POST https://firebasehosting.googleapis.com/v1beta1/projects/312707215871/sites {"appId":""}
[debug] [2026-03-31T18:34:20.925Z] <<< [apiv2][status] POST https://firebasehosting.googleapis.com/v1beta1/projects/312707215871/sites 404
[debug] [2026-03-31T18:34:20.925Z] <<< [apiv2][body] POST https://firebasehosting.googleapis.com/v1beta1/projects/312707215871/sites {"error":{"code":404,"message":"Requested entity was not found.","status":"NOT_FOUND"}}
[warn] !  Request to https://firebasehosting.googleapis.com/v1beta1/projects/312707215871/sites?siteId=csn-staging&validateOnly=true had HTTP Error: 404, Requested entity was not found. 
[debug] [2026-03-31T18:34:33.705Z] ExitPromptError: User force closed the prompt with SIGINT
    at Interface.sigint (E:\Users\1184321\AppData\Roaming\npm\node_modules\firebase-tools\node_modules\@inquirer\core\dist\commonjs\lib\create-prompt.js:101:37)
    at Interface.emit (node:events:518:28)
    at [_ttyWrite] [as _ttyWrite] (node:internal/readline/interface:1132:18)
    at ReadStream.onkeypress (node:internal/readline/interface:271:20)
    at ReadStream.emit (node:events:530:35)
    at emitKeys (node:internal/readline/utils:370:14)
    at emitKeys.next (<anonymous>)
    at ReadStream.onData (node:internal/readline/emitKeypressEvents:64:36)
    at ReadStream.emit (node:events:518:28)
    at addChunk (node:internal/streams/readable:561:12)
[error] 
[error] Error: An unexpected error has occurred.
